<?xml version="1.0" encoding="UTF-8"?>
<!-- Generated by org.testng.reporters.JUnitXMLReporter -->
<testsuite ignored="1" hostname="DESKTOP-5PQG68E" failures="0" tests="1" name="Default test" time="28.651" errors="0" timestamp="2022-11-09T08:59:54 IST">
  <testcase classname="com.supermarket.tests.PushNotificationTest" name="verify_PushNotification" time="11.227"/>
  <testcase classname="com.supermarket.tests.PushNotificationTest" name="verify_PushNotificationDataByDataProvider" time="0.0">
    <ignored/>
  </testcase> <!-- verify_PushNotificationDataByDataProvider -->
</testsuite> <!-- Default test -->
