<?xml version="1.0" encoding="UTF-8"?>
<testng-results ignored="1" total="2" passed="1" failed="0" skipped="0">
  <reporter-output>
  </reporter-output>
  <suite started-at="2022-11-09T08:59:25 IST" name="Default suite" finished-at="2022-11-09T08:59:54 IST" duration-ms="28651">
    <groups>
    </groups>
    <test started-at="2022-11-09T08:59:25 IST" name="Default test" finished-at="2022-11-09T08:59:54 IST" duration-ms="28651">
      <class name="com.supermarket.tests.PushNotificationTest">
        <test-method is-config="true" signature="setUp()[pri:0, instance:com.supermarket.tests.PushNotificationTest@368247b9]" started-at="2022-11-09T08:59:25 IST" name="setUp" finished-at="2022-11-09T08:59:42 IST" duration-ms="16689" status="PASS">
          <reporter-output>
          </reporter-output>
        </test-method> <!-- setUp -->
        <test-method signature="verify_PushNotification()[pri:0, instance:com.supermarket.tests.PushNotificationTest@368247b9]" started-at="2022-11-09T08:59:42 IST" name="verify_PushNotification" finished-at="2022-11-09T08:59:53 IST" duration-ms="11227" status="PASS">
          <reporter-output>
          </reporter-output>
        </test-method> <!-- verify_PushNotification -->
        <test-method is-config="true" signature="tearDown(org.testng.ITestResult)[pri:0, instance:com.supermarket.tests.PushNotificationTest@368247b9]" started-at="2022-11-09T08:59:53 IST" name="tearDown" finished-at="2022-11-09T08:59:54 IST" duration-ms="563" status="PASS">
          <params>
            <param index="0">
              <value>
                <![CDATA[[TestResult name=verify_PushNotification status=SUCCESS method=PushNotificationTest.verify_PushNotification()[pri:0, instance:com.supermarket.tests.PushNotificationTest@368247b9] output={null}]]]>
              </value>
            </param>
          </params>
          <reporter-output>
          </reporter-output>
        </test-method> <!-- tearDown -->
      </class> <!-- com.supermarket.tests.PushNotificationTest -->
    </test> <!-- Default test -->
  </suite> <!-- Default suite -->
</testng-results>
