<?xml version="1.0" encoding="UTF-8"?>
<!-- Generated by org.testng.reporters.JUnitXMLReporter -->
<testsuite ignored="0" hostname="DESKTOP-5PQG68E" failures="0" tests="4" name="verify in chrome" time="0.392" errors="0" timestamp="2022-11-09T07:59:48 IST">
  <testcase classname="com.supermarket.base.Base" name="@BeforeMethod setUpCrossBrowser" time="0.015">
    <failure type="java.lang.NullPointerException" message="Cannot invoke &amp;quot;org.openqa.selenium.WebDriver.get(String)&amp;quot; because &amp;quot;this.driver&amp;quot; is null">
      <![CDATA[java.lang.NullPointerException: Cannot invoke "org.openqa.selenium.WebDriver.get(String)" because "this.driver" is null
at com.supermarket.base.Base.initialize(Base.java:51)
at com.supermarket.base.Base.setUpCrossBrowser(Base.java:65)
at java.base/java.util.ArrayList.forEach(ArrayList.java:1511)
at java.base/java.util.concurrent.FutureTask.run(FutureTask.java:264)
at java.base/java.util.concurrent.ThreadPoolExecutor.runWorker(ThreadPoolExecutor.java:1130)
at java.base/java.util.concurrent.ThreadPoolExecutor$Worker.run(ThreadPoolExecutor.java:630)
at java.base/java.lang.Thread.run(Thread.java:832)
... Removed 22 stack frames]]>
    </failure>
  </testcase> <!-- @BeforeMethod setUpCrossBrowser -->
  <testcase classname="com.supermarket.base.Base" name="@BeforeMethod setUpCrossBrowser" time="0.015">
    <failure type="java.lang.NullPointerException" message="Cannot invoke &amp;quot;org.openqa.selenium.WebDriver.get(String)&amp;quot; because &amp;quot;this.driver&amp;quot; is null">
      <![CDATA[java.lang.NullPointerException: Cannot invoke "org.openqa.selenium.WebDriver.get(String)" because "this.driver" is null
at com.supermarket.base.Base.initialize(Base.java:51)
at com.supermarket.base.Base.setUpCrossBrowser(Base.java:65)
at java.base/java.util.ArrayList.forEach(ArrayList.java:1511)
at java.base/java.util.concurrent.FutureTask.run(FutureTask.java:264)
at java.base/java.util.concurrent.ThreadPoolExecutor.runWorker(ThreadPoolExecutor.java:1130)
at java.base/java.util.concurrent.ThreadPoolExecutor$Worker.run(ThreadPoolExecutor.java:630)
at java.base/java.lang.Thread.run(Thread.java:832)
... Removed 22 stack frames]]>
    </failure>
  </testcase> <!-- @BeforeMethod setUpCrossBrowser -->
  <testcase classname="com.supermarket.base.Base" name="@BeforeMethod setUpCrossBrowser" time="-1.66796098755E9">
    <skipped/>
  </testcase> <!-- @BeforeMethod setUpCrossBrowser -->
  <testcase classname="com.supermarket.base.Base" name="@BeforeMethod setUpCrossBrowser" time="-1.667960987574E9">
    <skipped/>
  </testcase> <!-- @BeforeMethod setUpCrossBrowser -->
  <testcase classname="com.supermarket.base.Base" name="@BeforeMethod setUpCrossBrowser" time="-1.667960987569E9">
    <skipped/>
  </testcase> <!-- @BeforeMethod setUpCrossBrowser -->
  <testcase classname="com.supermarket.base.Base" name="@BeforeMethod setUpCrossBrowser" time="-1.667960987603E9">
    <skipped/>
  </testcase> <!-- @BeforeMethod setUpCrossBrowser -->
  <testcase classname="com.supermarket.base.Base" name="@BeforeMethod setUpCrossBrowser" time="0.002">
    <failure type="java.lang.NullPointerException" message="Cannot invoke &amp;quot;org.openqa.selenium.WebDriver.get(String)&amp;quot; because &amp;quot;this.driver&amp;quot; is null">
      <![CDATA[java.lang.NullPointerException: Cannot invoke "org.openqa.selenium.WebDriver.get(String)" because "this.driver" is null
at com.supermarket.base.Base.initialize(Base.java:51)
at com.supermarket.base.Base.setUpCrossBrowser(Base.java:65)
at java.base/java.util.ArrayList.forEach(ArrayList.java:1511)
at java.base/java.util.concurrent.FutureTask.run(FutureTask.java:264)
at java.base/java.util.concurrent.ThreadPoolExecutor.runWorker(ThreadPoolExecutor.java:1130)
at java.base/java.util.concurrent.ThreadPoolExecutor$Worker.run(ThreadPoolExecutor.java:630)
at java.base/java.lang.Thread.run(Thread.java:832)
... Removed 22 stack frames]]>
    </failure>
  </testcase> <!-- @BeforeMethod setUpCrossBrowser -->
  <testcase classname="com.supermarket.base.Base" name="@BeforeMethod setUpCrossBrowser" time="0.001">
    <failure type="java.lang.NullPointerException" message="Cannot invoke &amp;quot;org.openqa.selenium.WebDriver.get(String)&amp;quot; because &amp;quot;this.driver&amp;quot; is null">
      <![CDATA[java.lang.NullPointerException: Cannot invoke "org.openqa.selenium.WebDriver.get(String)" because "this.driver" is null
at com.supermarket.base.Base.initialize(Base.java:51)
at com.supermarket.base.Base.setUpCrossBrowser(Base.java:65)
at java.base/java.util.ArrayList.forEach(ArrayList.java:1511)
at java.base/java.util.concurrent.FutureTask.run(FutureTask.java:264)
at java.base/java.util.concurrent.ThreadPoolExecutor.runWorker(ThreadPoolExecutor.java:1130)
at java.base/java.util.concurrent.ThreadPoolExecutor$Worker.run(ThreadPoolExecutor.java:630)
at java.base/java.lang.Thread.run(Thread.java:832)
... Removed 22 stack frames]]>
    </failure>
  </testcase> <!-- @BeforeMethod setUpCrossBrowser -->
  <testcase classname="com.supermarket.tests.LogInTest" name="verify_InvalidLogInAlertMessage" time="0.0">
    <skipped/>
  </testcase> <!-- verify_InvalidLogInAlertMessage -->
  <testcase classname="com.supermarket.tests.LogInTest" name="verify_LogIn" time="0.0">
    <skipped/>
  </testcase> <!-- verify_LogIn -->
  <testcase classname="com.supermarket.tests.LogInTest" name="verify_LogOutFunctionality" time="0.0">
    <skipped/>
  </testcase> <!-- verify_LogOutFunctionality -->
  <testcase classname="com.supermarket.tests.DashBoardTest" name="verify_DashboardLogSymbol" time="0.0">
    <skipped/>
  </testcase> <!-- verify_DashboardLogSymbol -->
</testsuite> <!-- verify in chrome -->
