<?xml version="1.0" encoding="UTF-8"?>
<!-- Generated by org.testng.reporters.JUnitXMLReporter -->
<testsuite ignored="0" hostname="DESKTOP-5PQG68E" failures="0" tests="3" name="Build Verfication" time="135.388" errors="0" timestamp="2022-11-01T07:53:50 IST">
  <testcase classname="com.supermarket.tests.DashBoardTest" name="verify_Dashboard" time="12.716"/>
  <testcase classname="com.supermarket.tests.LogInTest" name="verify_InvalidLogInAlertMessage" time="4.043"/>
  <testcase classname="com.supermarket.tests.LogInTest" name="verify_LogIn" time="6.026"/>
</testsuite> <!-- Build Verfication -->
